[    0.000000] Initializing cgroup subsys cpuset
[    0.000000] Initializing cgroup subsys cpu
[    0.000000] Initializing cgroup subsys cpuacct
[    0.000000] Linux version 4.4.0-186-generic (buildd@lcy01-amd64-002) (gcc version 5.4.0 20160609 (Ubuntu 5.4.0-6ubuntu1~16.04.12) ) #216-Ubuntu SMP Wed Jul 1 05:34:05 UTC 2020 (Ubuntu 4.4.0-186.216-generic 4.4.228)
[    0.000000] Command line: BOOT_IMAGE=/boot/vmlinuz-4.4.0-186-generic root=LABEL=cloudimg-rootfs ro console=tty1 console=ttyS0
[    0.000000] KERNEL supported cpus:
[    0.000000]   Intel GenuineIntel
[    0.000000]   AMD AuthenticAMD
[    0.000000]   Centaur CentaurHauls
[    0.000000] x86/fpu: xstate_offset[2]:  576, xstate_sizes[2]:  256
[    0.000000] x86/fpu: Supporting XSAVE feature 0x01: 'x87 floating point registers'
[    0.000000] x86/fpu: Supporting XSAVE feature 0x02: 'SSE registers'
[    0.000000] x86/fpu: Supporting XSAVE feature 0x04: 'AVX registers'
[    0.000000] x86/fpu: Enabled xstate features 0x7, context size is 832 bytes, using 'standard' format.
[    0.000000] e820: BIOS-provided physical RAM map:
[    0.000000] BIOS-e820: [mem 0x0000000000000000-0x000000000009fbff] usable
[    0.000000] BIOS-e820: [mem 0x000000000009fc00-0x000000000009ffff] reserved
[    0.000000] BIOS-e820: [mem 0x00000000000f0000-0x00000000000fffff] reserved
[    0.000000] BIOS-e820: [mem 0x0000000000100000-0x000000003ffeffff] usable
[    0.000000] BIOS-e820: [mem 0x000000003fff0000-0x000000003fffffff] ACPI data
[    0.000000] BIOS-e820: [mem 0x00000000fec00000-0x00000000fec00fff] reserved
[    0.000000] BIOS-e820: [mem 0x00000000fee00000-0x00000000fee00fff] reserved
[    0.000000] BIOS-e820: [mem 0x00000000fffc0000-0x00000000ffffffff] reserved
[    0.000000] NX (Execute Disable) protection: active
[    0.000000] SMBIOS 2.5 present.
[    0.000000] Hypervisor detected: KVM
[    0.000000] e820: last_pfn = 0x3fff0 max_arch_pfn = 0x400000000
[    0.000000] MTRR: Disabled
[    0.000000] x86/PAT: MTRRs disabled, skipping PAT initialization too.
[    0.000000] CPU MTRRs all blank - virtualized system.
[    0.000000] x86/PAT: Configuration [0-7]: WB  WT  UC- UC  WB  WT  UC- UC  
[    0.000000] found SMP MP-table at [mem 0x0009fff0-0x0009ffff] mapped at [ffff88000009fff0]
[    0.000000] Scanning 1 areas for low memory corruption
[    0.000000] RAMDISK: [mem 0x362e0000-0x37167fff]
[    0.000000] ACPI: Early table checksum verification disabled
[    0.000000] ACPI: RSDP 0x00000000000E0000 000024 (v02 VBOX  )
[    0.000000] ACPI: XSDT 0x000000003FFF0030 00003C (v01 VBOX   VBOXXSDT 00000001 ASL  00000061)
[    0.000000] ACPI: FACP 0x000000003FFF00F0 0000F4 (v04 VBOX   VBOXFACP 00000001 ASL  00000061)
[    0.000000] ACPI: DSDT 0x000000003FFF0470 002325 (v02 VBOX   VBOXBIOS 00000002 INTL 20100528)
[    0.000000] ACPI: FACS 0x000000003FFF0200 000040
[    0.000000] ACPI: FACS 0x000000003FFF0200 000040
[    0.000000] ACPI: APIC 0x000000003FFF0240 00005C (v02 VBOX   VBOXAPIC 00000001 ASL  00000061)
[    0.000000] ACPI: SSDT 0x000000003FFF02A0 0001CC (v01 VBOX   VBOXCPUT 00000002 INTL 20100528)
[    0.000000] No NUMA configuration found
[    0.000000] Faking a node at [mem 0x0000000000000000-0x000000003ffeffff]
[    0.000000] NODE_DATA(0) allocated [mem 0x3ffeb000-0x3ffeffff]
[    0.000000] kvm-clock: Using msrs 4b564d01 and 4b564d00
[    0.000000] kvm-clock: cpu 0, msr 0:3ffe3001, primary cpu clock
[    0.000000] kvm-clock: using sched offset of 3552251911 cycles
[    0.000000] clocksource: kvm-clock: mask: 0xffffffffffffffff max_cycles: 0x1cd42e4dffb, max_idle_ns: 881590591483 ns
[    0.000000] Zone ranges:
[    0.000000]   DMA      [mem 0x0000000000001000-0x0000000000ffffff]
[    0.000000]   DMA32    [mem 0x0000000001000000-0x000000003ffeffff]
[    0.000000]   Normal   empty
[    0.000000]   Device   empty
[    0.000000] Movable zone start for each node
[    0.000000] Early memory node ranges
[    0.000000]   node   0: [mem 0x0000000000001000-0x000000000009efff]
[    0.000000]   node   0: [mem 0x0000000000100000-0x000000003ffeffff]
[    0.000000] Initmem setup node 0 [mem 0x0000000000001000-0x000000003ffeffff]
[    0.000000] ACPI: PM-Timer IO Port: 0x4008
[    0.000000] IOAPIC[0]: apic_id 2, version 32, address 0xfec00000, GSI 0-23
[    0.000000] ACPI: INT_SRC_OVR (bus 0 bus_irq 0 global_irq 2 dfl dfl)
[    0.000000] ACPI: INT_SRC_OVR (bus 0 bus_irq 9 global_irq 9 low level)
[    0.000000] Using ACPI (MADT) for SMP configuration information
[    0.000000] smpboot: Allowing 2 CPUs, 0 hotplug CPUs
[    0.000000] PM: Registered nosave memory: [mem 0x00000000-0x00000fff]
[    0.000000] PM: Registered nosave memory: [mem 0x0009f000-0x0009ffff]
[    0.000000] PM: Registered nosave memory: [mem 0x000a0000-0x000effff]
[    0.000000] PM: Registered nosave memory: [mem 0x000f0000-0x000fffff]
[    0.000000] e820: [mem 0x40000000-0xfebfffff] available for PCI devices
[    0.000000] Booting paravirtualized kernel on KVM
[    0.000000] clocksource: refined-jiffies: mask: 0xffffffff max_cycles: 0xffffffff, max_idle_ns: 7645519600211568 ns
[    0.000000] setup_percpu: NR_CPUS:512 nr_cpumask_bits:512 nr_cpu_ids:2 nr_node_ids:1
[    0.000000] PERCPU: Embedded 33 pages/cpu @ffff88003fc00000 s95512 r8192 d31464 u1048576
[    0.000000] Built 1 zonelists in Node order, mobility grouping on.  Total pages: 257912
[    0.000000] Policy zone: DMA32
[    0.000000] Kernel command line: BOOT_IMAGE=/boot/vmlinuz-4.4.0-186-generic root=LABEL=cloudimg-rootfs ro console=tty1 console=ttyS0
[    0.000000] PID hash table entries: 4096 (order: 3, 32768 bytes)
[    0.000000] Memory: 997664K/1048120K available (8636K kernel code, 1337K rwdata, 4040K rodata, 1492K init, 1296K bss, 50456K reserved, 0K cma-reserved)
[    0.000000] SLUB: HWalign=64, Order=0-3, MinObjects=0, CPUs=2, Nodes=1
[    0.000000] Kernel/User page tables isolation: enabled
[    0.000000] Hierarchical RCU implementation.
[    0.000000] 	Build-time adjustment of leaf fanout to 64.
[    0.000000] 	RCU restricting CPUs from NR_CPUS=512 to nr_cpu_ids=2.
[    0.000000] RCU: Adjusting geometry for rcu_fanout_leaf=64, nr_cpu_ids=2
[    0.000000] NR_IRQS:33024 nr_irqs:440 16
[    0.000000] Console: colour VGA+ 80x25
[    0.000000] console [tty1] enabled
[    0.000000] console [ttyS0] enabled
[    0.000000] tsc: Detected 2712.000 MHz processor
[    0.182586] Calibrating delay loop (skipped) preset value.. 5424.00 BogoMIPS (lpj=10848000)
[    0.184754] pid_max: default: 32768 minimum: 301
[    0.185931] ACPI: Core revision 20150930
[    0.189120] ACPI: 2 ACPI AML tables successfully acquired and loaded
[    0.190788] Security Framework initialized
[    0.191837] Yama: becoming mindful.
[    0.192865] AppArmor: AppArmor initialized
[    0.194220] Dentry cache hash table entries: 131072 (order: 8, 1048576 bytes)
[    0.199044] Inode-cache hash table entries: 65536 (order: 7, 524288 bytes)
[    0.200687] Mount-cache hash table entries: 2048 (order: 2, 16384 bytes)
[    0.202218] Mountpoint-cache hash table entries: 2048 (order: 2, 16384 bytes)
[    0.204006] Initializing cgroup subsys io
[    0.205076] Initializing cgroup subsys memory
[    0.206173] Initializing cgroup subsys devices
[    0.207270] Initializing cgroup subsys freezer
[    0.208370] Initializing cgroup subsys net_cls
[    0.209545] Initializing cgroup subsys perf_event
[    0.210842] Initializing cgroup subsys net_prio
[    0.212040] Initializing cgroup subsys hugetlb
[    0.213148] Initializing cgroup subsys pids
[    0.215472] mce: CPU supports 0 MCE banks
[    0.216535] Last level iTLB entries: 4KB 64, 2MB 8, 4MB 8
[    0.217841] Last level dTLB entries: 4KB 64, 2MB 0, 4MB 0, 1GB 4
[    0.219211] Spectre V1 : Mitigation: usercopy/swapgs barriers and __user pointer sanitization
[    0.221293] Spectre V2 : Mitigation: Full generic retpoline
[    0.222651] Spectre V2 : Spectre v2 / SpectreRSB mitigation: Filling RSB on context switch
[    0.224684] Speculative Store Bypass: Vulnerable
[    0.225844] SRBDS: Unknown: Dependent on hypervisor status
[    0.227510] MDS: Vulnerable: Clear CPU buffers attempted, no microcode
[    0.232444] Freeing SMP alternatives memory: 36K
[    0.240957] ftrace: allocating 32334 entries in 127 pages
[    0.316907] smpboot: APIC(0) Converting physical 0 to logical package 0
[    0.318494] smpboot: Max logical packages: 1
[    0.319958] x2apic enabled
[    0.321221] Switched APIC routing to physical x2apic.
[    0.324081] ..TIMER: vector=0x30 apic1=0 pin1=2 apic2=-1 pin2=-1
[    0.433629] smpboot: CPU0: Intel(R) Core(TM) i5-7200U CPU @ 2.50GHz (family: 0x6, model: 0x8e, stepping: 0x9)
[    0.436434] Performance Events: unsupported p6 CPU model 142 no PMU driver, software events only.
[    0.451804] KVM setup paravirtual spinlock
[    0.453651] x86: Booting SMP configuration:
[    0.454789] .... node  #0, CPUs:      #1
[    0.455992] kvm-clock: cpu 1, msr 0:3ffe3041, secondary cpu clock
[    0.458317] mce: CPU supports 0 MCE banks
[    0.461072] x86: Booted up 1 node, 2 CPUs
[    0.462585] smpboot: Total of 2 processors activated (10848.00 BogoMIPS)
[    0.464841] devtmpfs: initialized
[    0.467327] evm: security.selinux
[    0.468299] evm: security.SMACK64
[    0.469261] evm: security.SMACK64EXEC
[    0.470280] evm: security.SMACK64TRANSMUTE
[    0.471391] evm: security.SMACK64MMAP
[    0.472417] evm: security.ima
[    0.473376] evm: security.capability
[    0.474698] clocksource: jiffies: mask: 0xffffffff max_cycles: 0xffffffff, max_idle_ns: 7645041785100000 ns
[    0.477046] futex hash table entries: 512 (order: 3, 32768 bytes)
[    0.479061] pinctrl core: initialized pinctrl subsystem
[    0.480981] RTC time:  2:40:51, date: 08/19/20
[    0.482677] NET: Registered protocol family 16
[    0.494384] cpuidle: using governor ladder
[    0.507083] cpuidle: using governor menu
[    0.508286] PCCT header not found.
[    0.509417] ACPI: bus type PCI registered
[    0.510666] acpiphp: ACPI Hot Plug PCI Controller Driver version: 0.5
[    0.512305] PCI: Using configuration type 1 for base access
[    0.528693] ACPI: Added _OSI(Module Device)
[    0.530032] ACPI: Added _OSI(Processor Device)
[    0.531223] ACPI: Added _OSI(3.0 _SCP Extensions)
[    0.532628] ACPI: Added _OSI(Processor Aggregator Device)
[    0.534721] ACPI: Executed 1 blocks of module-level executable AML code
[    0.539099] ACPI: Interpreter enabled
[    0.540111] ACPI: (supports S0 S5)
[    0.541094] ACPI: Using IOAPIC for interrupt routing
[    0.542800] PCI: Using host bridge windows from ACPI; if necessary, use "pci=nocrs" and report a bug
[    0.549945] ACPI: PCI Root Bridge [PCI0] (domain 0000 [bus 00-ff])
[    0.551414] acpi PNP0A03:00: _OSC: OS supports [ASPM ClockPM Segments MSI]
[    0.553328] acpi PNP0A03:00: _OSC: not requesting OS control; OS requires [ExtendedConfig ASPM ClockPM MSI]
[    0.555776] acpi PNP0A03:00: fail to add MMCONFIG information, can't access extended PCI configuration space under this bridge.
[    0.558708] PCI host bridge to bus 0000:00
[    0.560029] pci_bus 0000:00: root bus resource [io  0x0000-0x0cf7 window]
[    0.561973] pci_bus 0000:00: root bus resource [io  0x0d00-0xffff window]
[    0.563508] pci_bus 0000:00: root bus resource [mem 0x000a0000-0x000bffff window]
[    0.565495] pci_bus 0000:00: root bus resource [mem 0x40000000-0xfdffffff window]
[    0.567475] pci_bus 0000:00: root bus resource [bus 00-ff]
[    0.571014] pci 0000:00:01.1: legacy IDE quirk: reg 0x10: [io  0x01f0-0x01f7]
[    0.572621] pci 0000:00:01.1: legacy IDE quirk: reg 0x14: [io  0x03f6]
[    0.574101] pci 0000:00:01.1: legacy IDE quirk: reg 0x18: [io  0x0170-0x0177]
[    0.590456] pci 0000:00:01.1: legacy IDE quirk: reg 0x1c: [io  0x0376]
[    0.608923] pci 0000:00:07.0: quirk: [io  0x4000-0x403f] claimed by PIIX4 ACPI
[    0.611145] pci 0000:00:07.0: quirk: [io  0x4100-0x410f] claimed by PIIX4 SMB
[    0.624053] ACPI: PCI Interrupt Link [LNKA] (IRQs 5 9 10 *11)
[    0.626554] ACPI: PCI Interrupt Link [LNKB] (IRQs 5 9 *10 11)
[    0.628811] ACPI: PCI Interrupt Link [LNKC] (IRQs 5 *9 10 11)
[    0.631012] ACPI: PCI Interrupt Link [LNKD] (IRQs 5 9 10 *11)
[    0.633246] ACPI: Enabled 2 GPEs in block 00 to 07
[    0.635115] vgaarb: setting as boot device: PCI:0000:00:02.0
[    0.636439] vgaarb: device added: PCI:0000:00:02.0,decodes=io+mem,owns=io+mem,locks=none
[    0.638594] vgaarb: loaded
[    0.639446] vgaarb: bridge control possible 0000:00:02.0
[    0.641032] SCSI subsystem initialized
[    0.642352] ACPI: bus type USB registered
[    0.643590] usbcore: registered new interface driver usbfs
[    0.645220] usbcore: registered new interface driver hub
[    0.646598] usbcore: registered new device driver usb
[    0.648390] PCI: Using ACPI for IRQ routing
[    0.653039] NetLabel: Initializing
[    0.654071] NetLabel:  domain hash size = 128
[    0.655247] NetLabel:  protocols = UNLABELED CIPSOv4
[    0.656496] NetLabel:  unlabeled traffic allowed by default
[    0.658034] amd_nb: Cannot enumerate AMD northbridges
[    0.659416] clocksource: Switched to clocksource kvm-clock
[    0.672840] AppArmor: AppArmor Filesystem Enabled
[    0.674166] pnp: PnP ACPI init
[    0.676010] pnp: PnP ACPI: found 3 devices
[    0.688130] clocksource: acpi_pm: mask: 0xffffff max_cycles: 0xffffff, max_idle_ns: 2085701024 ns
[    0.690363] NET: Registered protocol family 2
[    0.691670] TCP established hash table entries: 8192 (order: 4, 65536 bytes)
[    0.693342] TCP bind hash table entries: 8192 (order: 5, 131072 bytes)
[    0.694908] TCP: Hash tables configured (established 8192 bind 8192)
[    0.696412] UDP hash table entries: 512 (order: 2, 16384 bytes)
[    0.697800] UDP-Lite hash table entries: 512 (order: 2, 16384 bytes)
[    0.699305] NET: Registered protocol family 1
[    0.700488] pci 0000:00:00.0: Limiting direct PCI/PCI transfers
[    0.701921] pci 0000:00:01.0: Activating ISA DMA hang workarounds
[    0.703531] Unpacking initramfs...
[    0.966376] Freeing initrd memory: 14880K
[    0.967685] clocksource: tsc: mask: 0xffffffffffffffff max_cycles: 0x2717868ea45, max_idle_ns: 440795316085 ns
[    0.970173] platform rtc_cmos: registered platform RTC device (no PNP device found)
[    0.972142] Scanning for low memory corruption every 60 seconds
[    0.974076] audit: initializing netlink subsys (disabled)
[    0.975766] audit: type=2000 audit(1597804856.712:1): initialized
[    0.978109] Initialise system trusted keyring
[    0.979860] HugeTLB registered 2 MB page size, pre-allocated 0 pages
[    0.983106] zbud: loaded
[    0.984836] VFS: Disk quotas dquot_6.6.0
[    0.986090] VFS: Dquot-cache hash table entries: 512 (order 0, 4096 bytes)
[    0.988495] squashfs: version 4.0 (2009/01/31) Phillip Lougher
[    0.990808] fuse init (API version 7.23)
[    0.992431] Key type big_key registered
[    0.993720] Allocating IMA MOK and blacklist keyrings.
[    0.997746] Key type asymmetric registered
[    0.999430] Asymmetric key parser 'x509' registered
[    1.001226] Block layer SCSI generic (bsg) driver version 0.4 loaded (major 249)
[    1.003689] io scheduler noop registered
[    1.004958] io scheduler deadline registered (default)
[    1.006682] io scheduler cfq registered
[    1.008134] pci_hotplug: PCI Hot Plug PCI Core version: 0.5
[    1.010191] pciehp: PCI Express Hot Plug Controller Driver version: 0.4
[    1.012553] ACPI: AC Adapter [AC] (on-line)
[    1.014057] input: Power Button as /devices/LNXSYSTM:00/LNXPWRBN:00/input/input0
[    1.016630] ACPI: Power Button [PWRF]
[    1.017891] input: Sleep Button as /devices/LNXSYSTM:00/LNXSLPBN:00/input/input1
[    1.020304] ACPI: Sleep Button [SLPF]
[    1.022585] ACPI: Battery Slot [BAT0] (battery present)
[    1.024381] GHES: HEST is not enabled!
[    1.025808] Serial: 8250/16550 driver, 32 ports, IRQ sharing enabled
[    1.049072] 00:02: ttyS0 at I/O 0x3f8 (irq = 4, base_baud = 115200) is a 16550A
[    1.054898] Linux agpgart interface v0.103
[    1.058875] loop: module loaded
[    1.060840] scsi host0: ata_piix
[    1.062317] scsi host1: ata_piix
[    1.063657] ata1: PATA max UDMA/33 cmd 0x1f0 ctl 0x3f6 bmdma 0xd000 irq 14
[    1.065667] ata2: PATA max UDMA/33 cmd 0x170 ctl 0x376 bmdma 0xd008 irq 15
[    1.067770] libphy: Fixed MDIO Bus: probed
[    1.069105] tun: Universal TUN/TAP device driver, 1.6
[    1.070590] tun: (C) 1999-2004 Max Krasnyansky <maxk@qualcomm.com>
[    1.072531] PPP generic driver version 2.4.2
[    1.074034] ehci_hcd: USB 2.0 'Enhanced' Host Controller (EHCI) Driver
[    1.075967] ehci-pci: EHCI PCI platform driver
[    1.077575] ehci-platform: EHCI generic platform driver
[    1.079233] ohci_hcd: USB 1.1 'Open' Host Controller (OHCI) Driver
[    1.081182] ohci-pci: OHCI PCI platform driver
[    1.082753] ohci-platform: OHCI generic platform driver
[    1.084420] uhci_hcd: USB Universal Host Controller Interface driver
[    1.086407] i8042: PNP: PS/2 Controller [PNP0303:PS2K,PNP0f03:PS2M] at 0x60,0x64 irq 1,12
[    1.090156] serio: i8042 KBD port at 0x60,0x64 irq 1
[    1.092407] serio: i8042 AUX port at 0x60,0x64 irq 12
[    1.097729] mousedev: PS/2 mouse device common for all mice
[    1.101372] input: AT Translated Set 2 keyboard as /devices/platform/i8042/serio0/input/input2
[    1.106562] rtc_cmos rtc_cmos: rtc core: registered rtc_cmos as rtc0
[    1.110308] rtc_cmos rtc_cmos: alarms up to one day, 114 bytes nvram
[    1.112934] i2c /dev entries driver
[    1.114605] device-mapper: uevent: version 1.0.3
[    1.116831] device-mapper: ioctl: 4.34.0-ioctl (2015-10-28) initialised: dm-devel@redhat.com
[    1.119804] ledtrig-cpu: registered to indicate activity on CPUs
[    1.122552] NET: Registered protocol family 10
[    1.124303] NET: Registered protocol family 17
[    1.125869] Key type dns_resolver registered
[    1.128102] registered taskstats version 1
[    1.129493] Loading compiled-in X.509 certificates
[    1.131608] Loaded X.509 cert 'Build time autogenerated kernel key: cef5e81496c0efa51b848ab539e845ddf31c08be'
[    1.134793] zswap: loaded using pool lzo/zbud
[    1.138828] Key type trusted registered
[    1.145103] Key type encrypted registered
[    1.146541] AppArmor: AppArmor sha1 policy hashing enabled
[    1.148311] ima: No TPM chip found, activating TPM-bypass!
[    1.150024] ima: Allocated hash algorithm: sha1
[    1.151545] evm: HMAC attrs: 0x1
[    1.153346]   Magic number: 0:781:662
[    1.154761] rtc_cmos rtc_cmos: setting system clock to 2020-08-19 02:40:51 UTC (1597804851)
[    1.157658] BIOS EDD facility v0.16 2004-Jun-25, 0 devices found
[    1.159409] EDD information not available.
[    1.249659] Freeing unused kernel memory: 1492K
[    1.251175] Write protecting the kernel read-only data: 14336k
[    1.253594] Freeing unused kernel memory: 1592K
[    1.255360] Freeing unused kernel memory: 56K
Loading, please wait...
starting version 229
[    1.275564] random: systemd-udevd: uninitialized urandom read (16 bytes read, 3 bits of entropy available)
[    1.276597] random: udevadm: uninitialized urandom read (16 bytes read, 3 bits of entropy available)
[    1.276637] random: udevadm: uninitialized urandom read (16 bytes read, 3 bits of entropy available)
[    1.287289] random: systemd-udevd: uninitialized urandom read (16 bytes read, 3 bits of entropy available)
[    1.291121] random: udevadm: uninitialized urandom read (16 bytes read, 3 bits of entropy available)
[    1.291184] random: udevadm: uninitialized urandom read (16 bytes read, 3 bits of entropy available)
[    1.291387] random: udevadm: uninitialized urandom read (16 bytes read, 3 bits of entropy available)
[    1.291463] random: udevadm: uninitialized urandom read (16 bytes read, 3 bits of entropy available)
[    1.291604] random: udevadm: uninitialized urandom read (16 bytes read, 3 bits of entropy available)
[    1.291693] random: udevadm: uninitialized urandom read (16 bytes read, 3 bits of entropy available)
[    1.353765] e1000: Intel(R) PRO/1000 Network Driver - version 7.3.21-k8-NAPI
[    1.355723] e1000: Copyright (c) 1999-2006 Intel Corporation.
[    1.366713] Fusion MPT base driver 3.04.20
[    1.368125] Copyright (c) 1999-2008 LSI Corporation
[    1.382488] Fusion MPT SPI Host driver 3.04.20
[    1.386553] AVX2 version of gcm_enc/dec engaged.
[    1.388081] AES CTR mode by8 optimization enabled
[    1.596348] input: ImExPS/2 Generic Explorer Mouse as /devices/platform/i8042/serio1/input/input4
[    1.995158] e1000 0000:00:03.0 eth0: (PCI:33MHz:32-bit) 02:38:ee:24:c9:64
[    1.997205] e1000 0000:00:03.0 eth0: Intel(R) PRO/1000 Network Connection
[    2.993741] e1000 0000:00:08.0 eth1: (PCI:33MHz:32-bit) 08:00:27:68:ee:54
[    2.995408] e1000 0000:00:08.0 eth1: Intel(R) PRO/1000 Network Connection
[    2.998084] mptbase: ioc0: Initiating bringup
[    2.998154] e1000 0000:00:08.0 enp0s8: renamed from eth1
[    3.016444] e1000 0000:00:03.0 enp0s3: renamed from eth0
[    3.068401] ioc0: LSI53C1030 A0: Capabilities={Initiator}
[    3.231260] scsi host2: ioc0: LSI53C1030 A0, FwRev=00000000h, Ports=1, MaxQ=256, IRQ=20
[    3.344506] scsi 2:0:0:0: Direct-Access     VBOX     HARDDISK         1.0  PQ: 0 ANSI: 5
[    3.347171] scsi target2:0:0: Beginning Domain Validation
[    3.351270] scsi target2:0:0: Domain Validation skipping write tests
[    3.352767] scsi target2:0:0: Ending Domain Validation
[    3.354115] scsi target2:0:0: asynchronous
[    3.356333] scsi 2:0:1:0: Direct-Access     VBOX     HARDDISK         1.0  PQ: 0 ANSI: 5
[    3.373077] scsi target2:0:1: Beginning Domain Validation
[    3.377183] scsi target2:0:1: Domain Validation skipping write tests
[    3.378639] scsi target2:0:1: Ending Domain Validation
[    3.379984] scsi target2:0:1: asynchronous
[    3.388818] sd 2:0:0:0: Attached scsi generic sg0 type 0
[    3.390674] sd 2:0:0:0: [sda] 20971520 512-byte logical blocks: (10.7 GB/10.0 GiB)
[    3.393030] sd 2:0:1:0: Attached scsi generic sg1 type 0
[    3.394634] sd 2:0:1:0: [sdb] 20480 512-byte logical blocks: (10.5 MB/10.0 MiB)
[    3.395760] sd 2:0:0:0: [sda] Write Protect is off
[    3.395897] sd 2:0:0:0: [sda] Incomplete mode parameter data
[    3.395898] sd 2:0:0:0: [sda] Assuming drive cache: write through
[    3.401601] sd 2:0:1:0: [sdb] Write Protect is off
[    3.403220] sd 2:0:1:0: [sdb] Incomplete mode parameter data
[    3.404723] sd 2:0:1:0: [sdb] Assuming drive cache: write through
[    3.405871]  sda: sda1
[    3.406756] sd 2:0:0:0: [sda] Attached SCSI disk
[    3.412870] sd 2:0:1:0: [sdb] Attached SCSI disk
Begin: Loading essential drivers ... [    4.928664] md: linear personality registered for level -1
[    4.932958] md: multipath personality registered for level -4
[    4.937298] md: raid0 personality registered for level 0
[    4.943104] md: raid1 personality registered for level 1
[    5.015525] raid6: sse2x1   gen() 10357 MB/s
[    5.083880] raid6: sse2x1   xor()  7822 MB/s
[    5.152206] raid6: sse2x2   gen() 13010 MB/s
[    5.219536] raid6: sse2x2   xor()  8626 MB/s
[    5.287830] raid6: sse2x4   gen() 14603 MB/s
[    5.356188] raid6: sse2x4   xor() 10232 MB/s
[    5.424507] raid6: avx2x1   gen() 20593 MB/s
[    5.491848] raid6: avx2x2   gen() 19986 MB/s
[    5.560244] raid6: avx2x4   gen() 22473 MB/s
[    5.561679] raid6: using algorithm avx2x4 gen() 22473 MB/s
[    5.563484] raid6: using avx2x2 recovery algorithm
[    5.567038] xor: automatically using best checksumming function:
[    5.607470]    avx       : 20734.000 MB/sec
[    5.609604] async_tx: api initialized (async)
[    5.620231] md: raid6 personality registered for level 6
[    5.621814] md: raid5 personality registered for level 5
[    5.623258] md: raid4 personality registered for level 4
[    5.631468] md: raid10 personality registered for level 10
done.
Begin: Running /scripts/init-premount ... done.
Begin: Mounting root file system ... Begin: Running /scripts/local-top ... done.
Begin: Running /scripts/local-premount ... [    5.667091] Btrfs loaded
Scanning for Btrfs filesystems
done.
Warning: fsck not present, so skipping root file system
[    5.709573] EXT4-fs (sda1): mounted filesystem with ordered data mode. Opts: (null)
done.
Begin: Running /scripts/local-bottom ... done.
Begin: Running /scripts/init-bottom ... done.
[    5.821510] systemd[1]: systemd 229 running in system mode. (+PAM +AUDIT +SELINUX +IMA +APPARMOR +SMACK +SYSVINIT +UTMP +LIBCRYPTSETUP +GCRYPT +GNUTLS +ACL +XZ -LZ4 +SECCOMP +BLKID +ELFUTILS +KMOD -IDN)
[    5.825934] systemd[1]: Detected virtualization oracle.
[    5.827299] systemd[1]: Detected architecture x86-64.

Welcome to [1mUbuntu 16.04.6 LTS[0m!

[    5.832435] systemd[1]: Set hostname to <ubuntu>.
[    5.837234] systemd[1]: Initializing machine ID from random generator.
[    5.838920] systemd[1]: Installed transient /etc/machine-id file.
[    5.988122] systemd[1]: Listening on Journal Audit Socket.
[[0;32m  OK  [0m] Listening on Journal Audit Socket.
[    6.000359] systemd[1]: Listening on /dev/initctl Compatibility Named Pipe.
[[0;32m  OK  [0m] Listening on /dev/initctl Compatibility Named Pipe.
[    6.012051] systemd[1]: Listening on LVM2 metadata daemon socket.
[[0;32m  OK  [0m] Listening on LVM2 metadata daemon socket.
[    6.019955] systemd[1]: Listening on Syslog Socket.
[[0;32m  OK  [0m] Listening on Syslog Socket.
[    6.022336] systemd[1]: Started Forward Password Requests to Wall Directory Watch.
[[0;32m  OK  [0m] Started Forward Password Requests to Wall Directory Watch.
[    6.025407] systemd[1]: Reached target Encrypted Volumes.
[[0;32m  OK  [0m] Reached target Encrypted Volumes.
[    6.027565] systemd[1]: Reached target System Time Synchronized.
[[0;32m  OK  [0m] Reached target System Time Synchronized.
[    6.036154] systemd[1]: Listening on Journal Socket (/dev/log).
[[0;32m  OK  [0m] Listening on Journal Socket (/dev/log).
[    6.038879] systemd[1]: Created slice User and Session Slice.
[[0;32m  OK  [0m] Created slice User and Session Slice.
[    6.041154] systemd[1]: Reached target User and Group Name Lookups.
[[0;32m  OK  [0m] Reached target User and Group Name Lookups.
[    6.043689] systemd[1]: Started Trigger resolvconf update for networkd DNS.
[[0;32m  OK  [0m] Started Trigger resolvconf update for networkd DNS.
[    6.046211] systemd[1]: Listening on udev Kernel Socket.
[[0;32m  OK  [0m] Listening on udev Kernel Socket.
[    6.048428] systemd[1]: Listening on LVM2 poll daemon socket.
[[0;32m  OK  [0m] Listening on LVM2 poll daemon socket.
[    6.050652] systemd[1]: Listening on Journal Socket.
[[0;32m  OK  [0m] Listening on Journal Socket.
[    6.228729] systemd[1]: Set up automount Arbitrary Executable File Formats File System Automount Point.
[[0;32m  OK  [0m] Set up automount Arbitrary Executab...ats File System Automount Point.
[    6.232863] systemd[1]: Reached target Swap.
[[0;32m  OK  [0m] Reached target Swap.
[    6.234796] systemd[1]: Listening on Device-mapper event daemon FIFOs.
[[0;32m  OK  [0m] Listening on Device-mapper event daemon FIFOs.
[    6.237451] systemd[1]: Created slice System Slice.
[[0;32m  OK  [0m] Created slice System Slice.
[    6.255752] systemd[1]: Starting Monitoring of LVM2 mirrors, snapshots etc. using dmeventd or progress polling...
         Starting Monitoring of LVM2 mirrors... dmeventd or progress polling...
[    6.261347] systemd[1]: Mounting Huge Pages File System...
         Mounting Huge Pages File System...
[    6.264276] systemd[1]: Reached target Slices.
[[0;32m  OK  [0m] Reached target Slices.
[    6.267176] systemd[1]: Created slice system-serial\x2dgetty.slice.
[[0;32m  OK  [0m] Created slice system-serial\x2dgetty.slice.
[    6.276864] systemd[1]: Mounting Debug File System...
         Mounting Debug File System...
[    6.281031] systemd[1]: Mounting POSIX Message Queue File System...
         Mounting POSIX Message Queue File System...
[    6.289042] systemd[1]: Starting Set console keymap...
         Starting Set console keymap...
[    6.292365] systemd[1]: Starting Nameserver information manager...
         Starting Nameserver information manager...
[    6.299360] systemd[1]: Starting Uncomplicated firewall...
         Starting Uncomplicated firewall...
[    6.309899] systemd[1]: Starting Load Kernel Modules...
         Starting Load Kernel Modules...
[    6.313773] systemd[1]: Starting Journal Service...
         Starting Journal Service...
[    6.317407] systemd[1]: Starting Remount Root and Kernel File Systems...
         Starting Remount Root and Kernel File Systems...
[    6.320059] Loading iSCSI transport class v2.0-870.
[    6.321752] systemd[1]: Starting Create list of required static device nodes for the current kernel...
         Starting Create list of required st... nodes for the current kernel...
[    6.327038] systemd[1]: Listening on udev Control Socket.
[[0;32m  OK  [0m] Listening on udev Control Socket.
[    6.335110] iscsi: registered transport (tcp)
[    6.343053] systemd[1]: Mounted Huge Pages File System.
[[0;32m  OK  [0m] Mounted Huge Pages File System.
[    6.346424] EXT4-fs (sda1): re-mounted. Opts: (null)
[    6.351874] systemd[1]: Mounted POSIX Message Queue File System.
[[0;32m  OK  [0m] Mounted POSIX Message Queue File System.
[    6.363680] systemd[1]: Mounted Debug File System.
[[0;32m  OK  [0m] Mounted Debug File System.
[    6.366862] systemd[1]: Started Journal Service.
[[0;32m  OK  [0m] Started Journal Service.
[[0;32m  OK  [0m] Started Uncomplicated firewall.
[[0;32m  OK  [0m] Started Remount Root and Kernel File Systems.
[[0;32m  OK  [0m] Started Create list of required sta...ce nodes for the current kernel.
[[0;32m  OK  [0m] Started LVM2 metadata daemon.
         Starting Create Static Device Nodes in /dev...
         Starting Load/Save Random Seed...
         Starting udev Coldplug all Devices...
         Starting Flush Journal to Persistent Storage...
[[0;32m  OK  [0m] Started Nameserver information manager.
[[0;32m  OK  [0m] Started Load/Save Random Seed.
[[0;32m  OK  [0m] Started Create Static Device Nodes in /dev.
[    6.431799] iscsi: registered transport (iser)
         Starting udev Kernel Device Manager...
[[0;32m  OK  [0m] Started Load Kernel Modules.
[[0;32m  OK  [0m] Started Set console keymap.
[[0;32m  OK  [0m] Started udev Kernel Device Manager.
[    6.500767] systemd-journald[393]: Received request to flush runtime journal from PID 1
         Starting Apply Kernel Variables...
         Mounting FUSE Control File System...
[[0;32m  OK  [0m] Mounted FUSE Control File System.
[[0;32m  OK  [0m] Started Flush Journal to Persistent Storage.
[[0;32m  OK  [0m] Started Apply Kernel Variables.
[[0;32m  OK  [0m] Started Monitoring of LVM2 mirrors,...ng dmeventd or progress polling.
[[0;32m  OK  [0m] Reached target Local File Systems (Pre).
[[0;32m  OK  [0m] Reached target Local File Systems.
         Starting Tell Plymouth To Write Out Runtime Data...
         Starting LSB: AppArmor initialization...
         Starting Set console font and keymap...
         Starting Commit a transient machine-id on disk...
         Starting Initial cloud-init job (pre-networking)...
         Starting Create Volatile Files and Directories...
[[0;32m  OK  [0m] Started udev Coldplug all Devices.
[[0;32m  OK  [0m] Started Tell Plymouth To Write Out Runtime Data.
[[0;32m  OK  [0m] Started Dispatch Password Requests to Console Directory Watch.
[[0;32m  OK  [0m] Started Commit a transient machine-id on disk.
[[0;32m  OK  [0m] Started Create Volatile Files and Directories.
         Starting Update UTMP about System Boot/Shutdown...
[[0;32m  OK  [0m] Started Update UTMP about System Boot/Shutdown.
[[0;32m  OK  [0m] Found device /dev/ttyS0.
[[0;32m  OK  [0m] Listening on Load/Save RF Kill Switch Status /dev/rfkill Watch.
[    8.672496] cloud-init[491]: Cloud-init v. 20.2-45-g5f7825e2-0ubuntu1~16.04.1 running 'init-local' at Wed, 19 Aug 2020 02:40:58 +0000. Up 8.11 seconds.
[[0;32m  OK  [0m] Started Initial cloud-init job (pre-networking).
[[0;32m  OK  [0m] Reached target Network (Pre).
[[0;32m  OK  [0m] Started Set console font and keymap.
[[0;32m  OK  [0m] Created slice system-getty.slice.
[[0;32m  OK  [0m] Started LSB: AppArmor initialization.
         Starting Load AppArmor profiles managed internally by snapd...
         Starting Raise network interfaces...
[[0;32m  OK  [0m] Started Load AppArmor profiles managed internally by snapd.
[[0;32m  OK  [0m] Started Raise network interfaces.
         Starting Initial cloud-init job (metadata service crawler)...
[[0;32m  OK  [0m] Reached target Network.
[   11.101681] cloud-init[969]: Cloud-init v. 20.2-45-g5f7825e2-0ubuntu1~16.04.1 running 'init' at Wed, 19 Aug 2020 02:41:00 +0000. Up 10.41 seconds.
[   11.103302] cloud-init[969]: ci-info: ++++++++++++++++++++++++++++++++++++++Net device info+++++++++++++++++++++++++++++++++++++++
[   11.112613] cloud-init[969]: ci-info: +--------+-------+----------------------------+---------------+--------+-------------------+
[   11.120433] cloud-init[969]: ci-info: | Device |   Up  |          Address           |      Mask     | Scope  |     Hw-Address    |
[   11.122486] cloud-init[969]: ci-info: +--------+-------+----------------------------+---------------+--------+-------------------+
[   11.124582] cloud-init[969]: ci-info: | enp0s3 |  True |         10.0.2.15          | 255.255.255.0 | global | 02:38:ee:24:c9:64 |
[   11.126502] cloud-init[969]: ci-info: | enp0s3 |  True | fe80::38:eeff:fe24:c964/64 |       .       |  link  | 02:38:ee:24:c9:64 |
[   11.136688] cloud-init[969]: ci-info: | enp0s8 | False |             .              |       .       |   .    | 08:00:27:68:ee:54 |
[   11.138854] cloud-init[969]: ci-info: |   lo   |  True |         127.0.0.1          |   255.0.0.0   |  host  |         .         |
[   11.141089] cloud-init[969]: ci-info: |   lo   |  True |          ::1/128           |       .       |  host  |         .         |
[   11.143003] cloud-init[969]: ci-info: +--------+-------+----------------------------+---------------+--------+-------------------+
[   11.145126] cloud-init[969]: ci-info: +++++++++++++++++++++++++++Route IPv4 info++++++++++++++++++++++++++++
[   11.146940] cloud-init[969]: ci-info: +-------+-------------+----------+---------------+-----------+-------+
[   11.148854] cloud-init[969]: ci-info: | Route | Destination | Gateway  |    Genmask    | Interface | Flags |
[   11.150641] cloud-init[969]: ci-info: +-------+-------------+----------+---------------+-----------+-------+
[   11.152466] cloud-init[969]: ci-info: |   0   |   0.0.0.0   | 10.0.2.2 |    0.0.0.0    |   enp0s3  |   UG  |
[   11.160663] cloud-init[969]: ci-info: |   1   |   10.0.2.0  | 0.0.0.0  | 255.255.255.0 |   enp0s3  |   U   |
[   11.162696] cloud-init[969]: ci-info: +-------+-------------+----------+---------------+-----------+-------+
[   11.164696] cloud-init[969]: ci-info: +++++++++++++++++++Route IPv6 info+++++++++++++++++++
[   11.166440] cloud-init[969]: ci-info: +-------+-------------+---------+-----------+-------+
[   11.168493] cloud-init[969]: ci-info: | Route | Destination | Gateway | Interface | Flags |
[   11.170535] cloud-init[969]: ci-info: +-------+-------------+---------+-----------+-------+
[   11.172561] cloud-init[969]: ci-info: |   0   |  fe80::/64  |    ::   |   enp0s3  |   U   |
[   11.175324] cloud-init[969]: ci-info: |   3   |   ff00::/8  |    ::   |   enp0s3  |   U   |
[   11.177244] cloud-init[969]: ci-info: +-------+-------------+---------+-----------+-------+
[   11.178919] cloud-init[969]: Generating public/private rsa key pair.
[   11.180519] cloud-init[969]: Your identification has been saved in /etc/ssh/ssh_host_rsa_key.
[   11.182245] cloud-init[969]: Your public key has been saved in /etc/ssh/ssh_host_rsa_key.pub.
[[0;32m  OK  [0m] Started Initial cloud-init job (metadata service crawler).
[   11.191134] cloud-init[969]: The key fingerprint is:[[0;32m  OK  [0m] Reached target Cloud-config availability.
[[0;32m  OK  [0m] Reached target Network is Online.

[   11.196417] cloud-init[969]: SHA256:qR24lsqCjUyXgLkpluSm1uCEctwYxAb65m+926cl1YU root@ubuntu-xenial
[   11.198458] cloud-init[969]: The key's randomart image is:
[   11.199412] cloud-init[969]: +---[RSA 2048]----+
[   11.200592] cloud-init[969]: |.o               |
[   11.201601] cloud-init[969]: |. +          .   |
[   11.202526] cloud-init[969]: |o+          E .  |
[   11.203485] cloud-init[969]: |o+.    . . . .   |
[   11.204487] cloud-init[969]: |++=+. . S . .    |
[   11.205446] cloud-init[969]: |*@+o.  = o       |
[   11.206397] cloud-init[969]: |@==  .= o .      |
[   11.207244] cloud-init[969]:          Starting iSCSI initiator daemon (iscsid)...
[[0;32m  OK  [0m] Reached target System Initialization.|++o+.o.. o.      |
[   11.211213] cloud-init[969]: |.  o+ oooo       |
[   11.211436] cloud-init[969]: +----[SHA256]-----+
[   11.211534] cloud-init[969]: Generating public/private dsa key pair.
[   11.211648] cloud-init[969]: Your identification has been saved in /etc/ssh/ssh_host_dsa_key.
[   11.211839] cloud-init[969]: Your public key has been saved in /etc/ssh/ssh_host_dsa_key.pub.
[   11.212094] cloud-init[969]: The key fingerprint is:
[   11.212298] cloud-init[969]: SHA256:VWjYovbUVXqQA/rDyormvkaLIfE1Od7wIqvB8nk0n6M root@ubuntu-xenial
[   11.212387] cloud-init[969]: The key's randomart image is:
[   11.212492] cloud-init[969]: +---[DSA 1024]----+
[   11.212592] cloud-init[969]: |         o.ooo.  |
[   11.212769] cloud-init[969]: |        o.+.+o   |
[   11.212872] cloud-init[969]: |     . ..+.....  |
[   11.212985] cloud-init[969]: |.   * o .+.  .   |
[   11.213106] cloud-init[969]: | o o B oS +      |
[   11.213236] cloud-init[969]: |o + * o... .     |
[   11.213340] cloud-init[969]: |oo B = .o        |
[   11.213454] cloud-init[969]: |.oo.=.+.         |
[   11.213665] cloud-init[969]: |..o*Eo..         |
[   11.213777] cloud-init[969]: +----[SHA256]-----+
[   11.213969] cloud-init[969]: Generating public/private ecdsa key pair.
[   11.214089] cloud-init[969]: Your identification has been saved in /etc/ssh/ssh_host_ecdsa_key.
[   11.214215] cloud-init[969]: Your public key has been saved in /etc/ssh/ssh_host_ecdsa_key.pub.
[   11.214332] cloud-init[969]: The key fingerprint is:
[   11.214546] cloud-init[969]: SHA256:XmAjET6ILjuSPPjIFQv7+omC6QaC+bDR8bCQE0omjD0 root@ubuntu-xenial
[   11.214771] cloud-init[969]: The key's randomart image is:
[   11.215030] cloud-init[969]: +---[ECDSA 256]---+
[   11.215344] cloud-init[969]: |o.    o.         |
[   11.215548] cloud-init[969]: |++E. o .         |
[   11.215750] cloud-init[969]: |=o... + +        |
[   11.215949] cloud-init[969]: |=.o    + o       |
[   11.216134] cloud-init[969]: |o*.*    S .      |
[   11.216239] cloud-init[969]: |X+= +  . .       |
[   11.216293] cloud-init[969]: |XX o    .        |
[   11.216351] cloud-init[969]: |B=* .            |
[   11.217346] cloud-init[969]: |==++             |
[   11.217538] cloud-init[969]: +----[SHA256]-----+
[   11.217762] cloud-init[969]: Generating public/private ed25519 key pair.
[   11.217896] cloud-init[969]: Your identification has been saved in /etc/ssh/ssh_host_ed25519_key.
[   11.218419] cloud-init[969]: Your public key has been saved in /etc/ssh/ssh_host_ed25519_key.pub.
[   11.218535] cloud-init[969]: The key fingerprint is:
[   11.218764] cloud-init[969]: SHA256:cYkPaVkDuwka9jTyZFQJelJYX6RMzA1ymPWyh7K8VAA root@ubuntu-xenial
[   11.218997] cloud-init[969]: The key's randomart image is:
[   11.219316] cloud-init[969]: +--[ED25519 256]--+
[   11.219446] cloud-init[969]: |    Eo*OB*=      |
[   11.219579] cloud-init[969]: |    .=o*+X.o     |
[   11.219719] cloud-init[969]: |    * O & +      |
[   11.219922] cloud-init[969]: |   . % = @       |
[   11.220109] cloud-init[969]: |    . + S o      |
[   11.220313] cloud-init[969]: |     . + .       |
[   11.220546] cloud-init[969]: |      +          |
[   11.220679] cloud-init[969]: |     . .         |
[   11.220899] cloud-init[969]: |      .          |
[   11.221040] cloud-init[969]: +----[SHA256]-----+

[[0;32m  OK  [0m] Started Message of the Day.
[[0;32m  OK  [0m] Started ACPI Events Check.
[[0;32m  OK  [0m] Reached target Paths.
         Starting LXD - unix socket.
         Starting Socket activation for snappy daemon.
[[0;32m  OK  [0m] Listening on ACPID Listen Socket.
[[0;32m  OK  [0m] Started Daily Cleanup of Temporary Directories.
[[0;32m  OK  [0m] Listening on D-Bus System Message Bus Socket.
[[0;32m  OK  [0m] Listening on UUID daemon activation socket.
[[0;32m  OK  [0m] Started Daily apt download activities.
[[0;32m  OK  [0m] Started Daily apt upgrade and clean activities.
[[0;32m  OK  [0m] Reached target Timers.
[[0;32m  OK  [0m] Listening on LXD - unix socket.
[[0;32m  OK  [0m] Listening on Socket activation for snappy daemon.
[[0;32m  OK  [0m] Reached target Sockets.
[[0;32m  OK  [0m] Reached target Basic System.
[[0;32m  OK  [0m] Started D-Bus System Message Bus.
         Starting Virtualbox guest utils...
         Starting Accounts Service...
[[0;32m  OK  [0m] Started ACPI event daemon.
         Starting Login Service...
         Starting Pollinate to seed the pseudo random number generator...
         Starting /etc/rc.local Compatibility...
[[0;32m  OK  [0m] Started FUSE filesystem for LXC.
[[0;32m  OK  [0m] Started Deferred execution scheduler.
[[0;32m  OK  [0m] Started Regular background program processing daemon.
         Starting Snap Daemon...
         Starting System Logging Service...
         Starting LSB: MD monitoring daemon...
         Starting LXD - container startup/shutdown...
         Starting LSB: Record successful boot for GRUB...
[[0;32m  OK  [0m] Started iSCSI initiator daemon (iscsid).
[[0;32m  OK  [0m] Started /etc/rc.local Compatibility.
         Starting Login to default iSCSI targets...
[[0;32m  OK  [0m] Started Login Service.
[[0;32m  OK  [0m] Started Unattended Upgrades Shutdown.
[[0;32m  OK  [0m] Started System Logging Service.
[[0;32m  OK  [0m] Started Login to default iSCSI targets.
[[0;32m  OK  [0m] Reached target Remote File Systems (Pre).
[[0;32m  OK  [0m] Reached target Remote File Systems.
         Starting LSB: Set the CPU Frequency Scaling governor to "ondemand"...
         Starting Permit User Sessions...
         Starting LSB: daemon to balance interrupts for SMP systems...
         Starting LSB: automatic crash report generation...
[[0;32m  OK  [0m] Started LSB: MD monitoring daemon.
[[0;32m  OK  [0m] Started Permit User Sessions.
[[0;32m  OK  [0m] Started LSB: Record successful boot for GRUB.
         Starting Authenticate and Authorize Users to Run Privileged Tasks...
         Starting Hold until boot process finishes up...
         Starting Terminate Plymouth Boot Screen...
[[0;32m  OK  [0m] Started LSB: Set the CPU Frequency Scaling governor to "ondemand".
[[0;32m  OK  [0m] Started LSB: automatic crash report generation.
[[0;32m  OK  [0m] Started Hold until boot process finishes up.
[[0;32m  OK  [0m] Started Terminate Plymouth Boot Screen.
[[0;32m  OK  [0m] Started Serial Getty on ttyS0.
[[0;32m  OK  [0m] Started Getty on tty1.
[[0;32m  OK  [0m] Reached target Login Prompts.
         Starting Set console scheme...
[[0;32m  OK  [0m] Started LSB: daemon to balance interrupts for SMP systems.
[[0;32m  OK  [0m] Started Set console scheme.
[[0;32m  OK  [0m] Started Authenticate and Authorize Users to Run Privileged Tasks.
[[0;32m  OK  [0m] Started Accounts Service.
[[0;32m  OK  [0m] Started Virtualbox guest utils.
[[0;32m  OK  [0m] Started LXD - container startup/shutdown.
[[0;32m  OK  [0m] Started Snap Daemon.
         Starting Wait until snapd is fully seeded...
[[0;32m  OK  [0m] Started Pollinate to seed the pseudo random number generator.
         Starting OpenBSD Secure Shell server...
[[0;32m  OK  [0m] Started OpenBSD Secure Shell server.
[[0;32m  OK  [0m] Created slice User Slice of vagrant.
         Starting User Manager for UID 1000...
[[0;32m  OK  [0m] Started Session 1 of user vagrant.
[[0;32m  OK  [0m] Started User Manager for UID 1000.

Ubuntu 16.04.6 LTS ubuntu-xenial ttyS0

ubuntu-xenial login: [   20.513826] cloud-init[1654]: Generating locales (this might take a while)...
[   21.770398] cloud-init[1654]:   en_US.UTF-8... done
[   21.771094] cloud-init[1654]: Generation complete.
[   22.165371] cloud-init[1654]: Cloud-init v. 20.2-45-g5f7825e2-0ubuntu1~16.04.1 running 'modules:config' at Wed, 19 Aug 2020 02:41:10 +0000. Up 20.31 seconds.
ci-info: no authorized SSH keys fingerprints found for user ubuntu.
<14>Aug 19 02:41:13 ec2: 
<14>Aug 19 02:41:13 ec2: #############################################################
<14>Aug 19 02:41:13 ec2: -----BEGIN SSH HOST KEY FINGERPRINTS-----
<14>Aug 19 02:41:13 ec2: 1024 SHA256:VWjYovbUVXqQA/rDyormvkaLIfE1Od7wIqvB8nk0n6M root@ubuntu-xenial (DSA)
<14>Aug 19 02:41:13 ec2: 256 SHA256:XmAjET6ILjuSPPjIFQv7+omC6QaC+bDR8bCQE0omjD0 root@ubuntu-xenial (ECDSA)
<14>Aug 19 02:41:13 ec2: 256 SHA256:cYkPaVkDuwka9jTyZFQJelJYX6RMzA1ymPWyh7K8VAA root@ubuntu-xenial (ED25519)
<14>Aug 19 02:41:13 ec2: 2048 SHA256:qR24lsqCjUyXgLkpluSm1uCEctwYxAb65m+926cl1YU root@ubuntu-xenial (RSA)
<14>Aug 19 02:41:13 ec2: -----END SSH HOST KEY FINGERPRINTS-----
<14>Aug 19 02:41:13 ec2: #############################################################
-----BEGIN SSH HOST KEY KEYS-----
ecdsa-sha2-nistp256 AAAAE2VjZHNhLXNoYTItbmlzdHAyNTYAAAAIbmlzdHAyNTYAAABBBD4XwTab/cUTW6k5zj2mUBJOcn03/mjttkFy9he7OQWf03+76p1wXLfluYwlMk+hPFic1L4xnKAouK4mWtKaCjw= root@ubuntu-xenial
ssh-ed25519 AAAAC3NzaC1lZDI1NTE5AAAAIJEYU9bwgX7LHvoDyOMr+Dn1ymI6RqUynaKLzGxe9bWB root@ubuntu-xenial
ssh-rsa AAAAB3NzaC1yc2EAAAADAQABAAABAQDFr86K63bRLqNSmkkKbKBaZ464qhuvr7QCS0pJEJD1xr5hCZzSN1+1A0TX3prGLTLm6J4tHHOC+JTGVdUeitJ21mXg1Sfam6Q5vV3ne2JM5dIFO1sPsQx/kkjc2P9HTBAHFtCE+eNYsKU1lJnGCfy3ZptGiHbBVIUalp6d/sgBZlDQ/vwv9yk3znbBYyISAp9lsdDCw6AOjQJ/w3w+v+VHUTuUA2yDx56hZNB/I8Dbt+/OapkejUcx+bqCFRNyoVvxIcnm3T6taB3mgfvI3yvBVGwVNmnqThwEJ9oV/eVBPznPjfW9eJdxYXZp0vtjqeEd+SUeOSDvwNkSiD6EZIqh root@ubuntu-xenial
-----END SSH HOST KEY KEYS-----
[   22.981704] cloud-init[2007]: Cloud-init v. 20.2-45-g5f7825e2-0ubuntu1~16.04.1 running 'modules:final' at Wed, 19 Aug 2020 02:41:13 +0000. Up 22.75 seconds.
[   22.981921] cloud-init[2007]: ci-info: no authorized SSH keys fingerprints found for user ubuntu.
[   22.982292] cloud-init[2007]: Cloud-init v. 20.2-45-g5f7825e2-0ubuntu1~16.04.1 finished at Wed, 19 Aug 2020 02:41:13 +0000. Datasource DataSourceNoCloud [seed=/dev/sdb][dsmode=net].  Up 22.97 seconds
